<?xml version="1.0" encoding="UTF-8" ?>
<testsuite tests="4" failures="0" name="cucumber_calculator.RunCucumberTest" time="0.31" errors="0" skipped="0">
  <properties>
[...]
</properties>
  <testcase classname="Plus operator should add 2 numbers" name="0 add 2 is 2" time="0.292"/>
  <testcase classname="Plus operator should add 2 numbers" name="2 add 0 is 2" time="0.006"/>
  <testcase classname="Plus operator should add 2 numbers" name="2 add 2 is 4" time="0.007"/>
  <testcase classname="Plus operator should add 2 numbers" name="10 add 2 is 12" time="0.005"/>
</testsuite>